10:57:58 **** Incremental Build of configuration Debug for project test ****
make all 
Building target: test
Invoking: MacOS X C++ Linker
g++  -o "test"  ./header.o ./main.o ./test.o   
duplicate symbol _main in:
    ./main.o
    ./test.o
ld: 1 duplicate symbol for architecture x86_64
clang: error: linker command failed with exit code 1 (use -v to see invocation)
make: *** [test] Error 1

10:57:58 Build Finished (took 605ms)

